<?xml version="1.0" encoding="UTF-8"?>
<!-- Generated by org.testng.reporters.JUnitXMLReporter -->
<testsuite ignored="1" hostname="Jarvis" failures="0" tests="23" name="Default test" time="0.098" errors="0" timestamp="04 Jan 2024 16:40:40 GMT">
  <testcase classname="TestNG.attributeTestNG" name="run" time="0.019"/>
  <testcase classname="TestNG.attributeTestNG" name="run" time="0.019"/>
  <testcase classname="TestNG.attributeTestNG" name="run" time="0.001"/>
  <testcase classname="TestNG.attributeTestNG" name="run" time="0.003"/>
  <testcase classname="TestNG.attributeTestNG" name="run" time="0.003"/>
  <testcase classname="TestNG.attributeTestNG" name="run" time="0.005"/>
  <testcase classname="TestNG.attributeTestNG" name="run" time="0.002"/>
  <testcase classname="TestNG.attributeTestNG" name="run" time="0.002"/>
  <testcase classname="TestNG.attributeTestNG" name="run" time="0.002"/>
  <testcase classname="TestNG.attributeTestNG" name="run" time="0.002"/>
  <testcase classname="TestNG.attributeTestNG" name="run" time="0.001"/>
  <testcase classname="TestNG.attributeTestNG" name="run" time="0.002"/>
  <testcase classname="TestNG.attributeTestNG" name="run" time="0.001"/>
  <testcase classname="TestNG.attributeTestNG" name="run" time="0.002"/>
  <testcase classname="TestNG.attributeTestNG" name="run" time="0.002"/>
  <testcase classname="TestNG.attributeTestNG" name="run" time="0.002"/>
  <testcase classname="TestNG.attributeTestNG" name="run" time="0.002"/>
  <testcase classname="TestNG.attributeTestNG" name="run" time="0.001"/>
  <testcase classname="TestNG.attributeTestNG" name="run" time="0.003"/>
  <testcase classname="TestNG.attributeTestNG" name="run" time="0.002"/>
  <testcase classname="TestNG.attributeTestNG" name="sleep" time="0.001"/>
  <testcase classname="TestNG.attributeTestNG" name="work" time="0.001"/>
  <testcase classname="TestNG.attributeTestNG" name="wake" time="0.0"/>
  <testcase classname="TestNG.attributeTestNG" name="walk" time="0.0">
    <ignored/>
  </testcase> <!-- walk -->
</testsuite> <!-- Default test -->
