<?xml version="1.0" encoding="UTF-8"?>
<!-- Generated by org.testng.reporters.JUnitXMLReporter -->
<testsuite ignored="3" hostname="Jarvis" failures="0" tests="2" name="Test" time="0.048" errors="0" timestamp="04 Jan 2024 16:46:22 GMT">
  <testcase classname="TestNG.attributeTestNG" name="work" time="0.018"/>
  <testcase classname="TestNG.attributeTestNG" name="walk" time="0.002"/>
  <testcase classname="TestNG.attributeTestNG" name="wake" time="0.0">
    <ignored/>
  </testcase> <!-- wake -->
  <testcase classname="TestNG.attributeTestNG" name="sleep" time="0.0">
    <ignored/>
  </testcase> <!-- sleep -->
  <testcase classname="TestNG.attributeTestNG" name="run" time="0.0">
    <ignored/>
  </testcase> <!-- run -->
</testsuite> <!-- Test -->
