<?xml version="1.0" encoding="UTF-8"?>
<testng-results ignored="3" total="5" passed="2" failed="0" skipped="0">
  <reporter-output>
  </reporter-output>
  <suite started-at="2024-01-04T16:46:22Z" name="Suite" finished-at="2024-01-04T16:46:22Z" duration-ms="48">
    <groups>
      <group name="smoke">
        <method signature="attributeTestNG.walk()[pri:4, instance:TestNG.attributeTestNG@5f049ea1]" name="walk" class="TestNG.attributeTestNG"/>
        <method signature="attributeTestNG.work()[pri:1, instance:TestNG.attributeTestNG@5f049ea1]" name="work" class="TestNG.attributeTestNG"/>
      </group> <!-- smoke -->
    </groups>
    <test started-at="2024-01-04T16:46:22Z" name="Test" finished-at="2024-01-04T16:46:22Z" duration-ms="48">
      <class name="TestNG.attributeTestNG">
        <test-method signature="work()[pri:1, instance:TestNG.attributeTestNG@5f049ea1]" started-at="2024-01-04T16:46:22Z" name="work" finished-at="2024-01-04T16:46:22Z" duration-ms="18" status="PASS">
          <reporter-output>
          </reporter-output>
        </test-method> <!-- work -->
        <test-method signature="walk()[pri:4, instance:TestNG.attributeTestNG@5f049ea1]" started-at="2024-01-04T16:46:22Z" name="walk" finished-at="2024-01-04T16:46:22Z" duration-ms="2" status="PASS">
          <reporter-output>
          </reporter-output>
        </test-method> <!-- walk -->
      </class> <!-- TestNG.attributeTestNG -->
    </test> <!-- Test -->
  </suite> <!-- Suite -->
</testng-results>
